Natural weights (before clamping):
  Class 0: 0.16
  Class 1: 3.03
  Class 3: 3.89
  Class 4: 862.06
  Class 6: 80.62
  Class 2: 30.40
  Class 5: 65949.82

After clamping:
tensor([1.5708e-01, 3.0308e+00, 3.0405e+01, 3.8871e+00, 8.6206e+02, 1.0000e+04,
        8.0617e+01])
{'loss': 0.7665, 'grad_norm': 2.178575038909912, 'learning_rate': 9.462426651523756e-06, 'epoch': 0.05}
{'eval_loss': 0.551781952381134, 'eval_accuracy': 0.909783724866909, 'eval_f1_macro': 0.6127930131149931, 'eval_f1_weighted': 0.9260654976188994, 'eval_runtime': 19.6621, 'eval_samples_per_second': 5252.841, 'eval_steps_per_second': 41.043, 'epoch': 0.05}
{'loss': 0.3583, 'grad_norm': 0.8671171069145203, 'learning_rate': 1.89267461669506e-05, 'epoch': 0.09}
{'eval_loss': 0.5042547583580017, 'eval_accuracy': 0.9259785126747532, 'eval_f1_macro': 0.6910780803940134, 'eval_f1_weighted': 0.9382196773995714, 'eval_runtime': 18.181, 'eval_samples_per_second': 5680.77, 'eval_steps_per_second': 44.387, 'epoch': 0.09}
{'loss': 0.3372, 'grad_norm': 2.1607606410980225, 'learning_rate': 1.906763975939091e-05, 'epoch': 0.14}
{'eval_loss': 0.49330219626426697, 'eval_accuracy': 0.9318304880997859, 'eval_f1_macro': 0.697653691482566, 'eval_f1_weighted': 0.9427678004925546, 'eval_runtime': 18.3301, 'eval_samples_per_second': 5634.572, 'eval_steps_per_second': 44.026, 'epoch': 0.14}
{'loss': 0.3102, 'grad_norm': 2.758363962173462, 'learning_rate': 1.8016026584781057e-05, 'epoch': 0.19}
{'eval_loss': 0.5016228556632996, 'eval_accuracy': 0.9323886118227602, 'eval_f1_macro': 0.6981559836421231, 'eval_f1_weighted': 0.9436025170889059, 'eval_runtime': 20.4306, 'eval_samples_per_second': 5055.25, 'eval_steps_per_second': 39.499, 'epoch': 0.19}
{'loss': 0.3099, 'grad_norm': 0.9682673811912537, 'learning_rate': 1.6964413410171204e-05, 'epoch': 0.24}
{'eval_loss': 0.47599542140960693, 'eval_accuracy': 0.9263399350228332, 'eval_f1_macro': 0.6984979252653012, 'eval_f1_weighted': 0.9393972412424146, 'eval_runtime': 18.5192, 'eval_samples_per_second': 5577.028, 'eval_steps_per_second': 43.576, 'epoch': 0.24}
{'loss': 0.3077, 'grad_norm': 0.4738483428955078, 'learning_rate': 1.591280023556135e-05, 'epoch': 0.28}
{'eval_loss': 0.4893556833267212, 'eval_accuracy': 0.9362450977986969, 'eval_f1_macro': 0.7272087761053847, 'eval_f1_weighted': 0.9462257080978224, 'eval_runtime': 18.7394, 'eval_samples_per_second': 5511.493, 'eval_steps_per_second': 43.064, 'epoch': 0.28}
{'loss': 0.2955, 'grad_norm': 0.5312260985374451, 'learning_rate': 1.48611870609515e-05, 'epoch': 0.33}
{'eval_loss': 0.44748377799987793, 'eval_accuracy': 0.938408374834841, 'eval_f1_macro': 0.7426029130922203, 'eval_f1_weighted': 0.9479724970113677, 'eval_runtime': 18.5122, 'eval_samples_per_second': 5579.117, 'eval_steps_per_second': 43.593, 'epoch': 0.33}
{'loss': 0.293, 'grad_norm': 0.4379394054412842, 'learning_rate': 1.380957388634165e-05, 'epoch': 0.38}
{'eval_loss': 0.49734434485435486, 'eval_accuracy': 0.9338811765984067, 'eval_f1_macro': 0.7381198698677162, 'eval_f1_weighted': 0.9450078466213522, 'eval_runtime': 18.8715, 'eval_samples_per_second': 5472.897, 'eval_steps_per_second': 42.763, 'epoch': 0.38}
{'loss': 0.296, 'grad_norm': 0.6750454306602478, 'learning_rate': 1.2757960711731798e-05, 'epoch': 0.43}
{'eval_loss': 0.4118582010269165, 'eval_accuracy': 0.9389384609453582, 'eval_f1_macro': 0.7385425744583171, 'eval_f1_weighted': 0.9483035968558322, 'eval_runtime': 18.5602, 'eval_samples_per_second': 5564.696, 'eval_steps_per_second': 43.48, 'epoch': 0.43}
{'loss': 0.2849, 'grad_norm': 0.6260416507720947, 'learning_rate': 1.1706347537121947e-05, 'epoch': 0.47}
{'eval_loss': 0.4895536005496979, 'eval_accuracy': 0.9408932082388525, 'eval_f1_macro': 0.7406834437596752, 'eval_f1_weighted': 0.950004814775773, 'eval_runtime': 18.5989, 'eval_samples_per_second': 5553.138, 'eval_steps_per_second': 43.39, 'epoch': 0.47}
{'loss': 0.2833, 'grad_norm': 5.662769317626953, 'learning_rate': 1.0654734362512093e-05, 'epoch': 0.52}
{'eval_loss': 0.45101699233055115, 'eval_accuracy': 0.9385980668066211, 'eval_f1_macro': 0.7465986330371981, 'eval_f1_weighted': 0.9483482539539144, 'eval_runtime': 18.4774, 'eval_samples_per_second': 5589.629, 'eval_steps_per_second': 43.675, 'epoch': 0.52}
{'loss': 0.2869, 'grad_norm': 12.35717487335205, 'learning_rate': 9.603121187902242e-06, 'epoch': 0.57}
{'eval_loss': 0.443169504404068, 'eval_accuracy': 0.9392674648040346, 'eval_f1_macro': 0.744523010738128, 'eval_f1_weighted': 0.9486725195734814, 'eval_runtime': 18.7377, 'eval_samples_per_second': 5511.998, 'eval_steps_per_second': 43.068, 'epoch': 0.57}
{'loss': 0.2793, 'grad_norm': 16.077190399169922, 'learning_rate': 8.551508013292391e-06, 'epoch': 0.62}
{'eval_loss': 0.46282094717025757, 'eval_accuracy': 0.9346324969947184, 'eval_f1_macro': 0.7276905994832344, 'eval_f1_weighted': 0.9455310968321434, 'eval_runtime': 18.7267, 'eval_samples_per_second': 5515.23, 'eval_steps_per_second': 43.094, 'epoch': 0.62}
{'loss': 0.2823, 'grad_norm': 1.3344593048095703, 'learning_rate': 7.49989483868254e-06, 'epoch': 0.66}
{'eval_loss': 0.46504542231559753, 'eval_accuracy': 0.9414920741174285, 'eval_f1_macro': 0.7456516410178066, 'eval_f1_weighted': 0.9504227859291257, 'eval_runtime': 18.5018, 'eval_samples_per_second': 5582.255, 'eval_steps_per_second': 43.617, 'epoch': 0.66}
{'loss': 0.2779, 'grad_norm': 1.944229245185852, 'learning_rate': 6.4482816640726874e-06, 'epoch': 0.71}
{'eval_loss': 0.450113445520401, 'eval_accuracy': 0.9412086313789949, 'eval_f1_macro': 0.7504245787590567, 'eval_f1_weighted': 0.950130275312778, 'eval_runtime': 18.7252, 'eval_samples_per_second': 5515.675, 'eval_steps_per_second': 43.097, 'epoch': 0.71}
{'loss': 0.2811, 'grad_norm': 0.3822340965270996, 'learning_rate': 5.3966684894628365e-06, 'epoch': 0.76}
{'eval_loss': 0.44774484634399414, 'eval_accuracy': 0.9388696811772993, 'eval_f1_macro': 0.7478377351611706, 'eval_f1_weighted': 0.9484609146337188, 'eval_runtime': 18.5817, 'eval_samples_per_second': 5558.27, 'eval_steps_per_second': 43.43, 'epoch': 0.76}
{'loss': 0.2738, 'grad_norm': 0.5091022849082947, 'learning_rate': 4.345055314852985e-06, 'epoch': 0.8}
{'eval_loss': 0.4295201897621155, 'eval_accuracy': 0.9409212458513095, 'eval_f1_macro': 0.751889269029626, 'eval_f1_weighted': 0.9499238757648331, 'eval_runtime': 18.6322, 'eval_samples_per_second': 5543.207, 'eval_steps_per_second': 43.312, 'epoch': 0.8}
{'loss': 0.275, 'grad_norm': 2.837313175201416, 'learning_rate': 3.2934421402431333e-06, 'epoch': 0.85}
{'eval_loss': 0.4479304850101471, 'eval_accuracy': 0.9399373008891427, 'eval_f1_macro': 0.7521981155191908, 'eval_f1_weighted': 0.9493259033829101, 'eval_runtime': 18.5557, 'eval_samples_per_second': 5566.062, 'eval_steps_per_second': 43.491, 'epoch': 0.85}
{'loss': 0.2709, 'grad_norm': 0.38349735736846924, 'learning_rate': 2.241828965633282e-06, 'epoch': 0.9}
{'eval_loss': 0.450592041015625, 'eval_accuracy': 0.9404371589487297, 'eval_f1_macro': 0.7520840660841005, 'eval_f1_weighted': 0.9497690658347814, 'eval_runtime': 18.9777, 'eval_samples_per_second': 5442.293, 'eval_steps_per_second': 42.524, 'epoch': 0.9}
{'loss': 0.2744, 'grad_norm': 0.561545729637146, 'learning_rate': 1.19021579102343e-06, 'epoch': 0.95}
{'eval_loss': 0.43934911489486694, 'eval_accuracy': 0.9412476211838181, 'eval_f1_macro': 0.7532411608285019, 'eval_f1_weighted': 0.950270580088559, 'eval_runtime': 18.3824, 'eval_samples_per_second': 5618.512, 'eval_steps_per_second': 43.901, 'epoch': 0.95}
{'loss': 0.2709, 'grad_norm': 1.1245030164718628, 'learning_rate': 1.3860261641357844e-07, 'epoch': 0.99}
{'eval_loss': 0.44298607110977173, 'eval_accuracy': 0.9412616399900466, 'eval_f1_macro': 0.7526942601722412, 'eval_f1_weighted': 0.9502755230429272, 'eval_runtime': 18.7416, 'eval_samples_per_second': 5510.849, 'eval_steps_per_second': 43.059, 'epoch': 0.99}
{'train_runtime': 14816.9344, 'train_samples_per_second': 912.749, 'train_steps_per_second': 7.131, 'train_loss': 0.3146678909613409, 'epoch': 1.0}
